 ⚠ Port 3000 is in use, trying 3001 instead.
 ⚠ Port 3001 is in use, trying 3002 instead.
 ⨯ Error: Cannot find module './366.js'
Require stack:
- C:\Users\Andrew\OneDrive\Documents\vgk-trade-roi\.next\server\webpack-runtime.js
- C:\Users\Andrew\OneDrive\Documents\vgk-trade-roi\.next\server\app\methodology\page.js
- C:\Users\Andrew\OneDrive\Documents\vgk-trade-roi\node_modules\next\dist\server\require.js
- C:\Users\Andrew\OneDrive\Documents\vgk-trade-roi\node_modules\next\dist\server\load-components.js
- C:\Users\Andrew\OneDrive\Documents\vgk-trade-roi\node_modules\next\dist\build\utils.js
- C:\Users\Andrew\OneDrive\Documents\vgk-trade-roi\node_modules\next\dist\build\swc\options.js
- C:\Users\Andrew\OneDrive\Documents\vgk-trade-roi\node_modules\next\dist\build\swc\index.js
- C:\Users\Andrew\OneDrive\Documents\vgk-trade-roi\node_modules\next\dist\build\next-config-ts\transpile-config.js
- C:\Users\Andrew\OneDrive\Documents\vgk-trade-roi\node_modules\next\dist\server\config.js
- C:\Users\Andrew\OneDrive\Documents\vgk-trade-roi\node_modules\next\dist\server\next.js
- C:\Users\Andrew\OneDrive\Documents\vgk-trade-roi\node_modules\next\dist\server\lib\start-server.js
    at __webpack_require__.f.require (C:\Users\Andrew\OneDrive\Documents\vgk-trade-roi\.next\server\webpack-runtime.js:198:28)
    at <unknown> (C:\Users\Andrew\OneDrive\Documents\vgk-trade-roi\.next\server\webpack-runtime.js:111:40)
    at Array.reduce (<anonymous>)
    at __webpack_require__.e (C:\Users\Andrew\OneDrive\Documents\vgk-trade-roi\.next\server\webpack-runtime.js:110:67)
    at Array.map (<anonymous>)
    at __webpack_require__.X (C:\Users\Andrew\OneDrive\Documents\vgk-trade-roi\.next\server\webpack-runtime.js:162:22)
    at <unknown> (C:\Users\Andrew\OneDrive\Documents\vgk-trade-roi\.next\server\app\methodology\page.js:1:10417)
    at Object.<anonymous> (C:\Users\Andrew\OneDrive\Documents\vgk-trade-roi\.next\server\app\methodology\page.js:1:10458) {
  code: 'MODULE_NOT_FOUND',
  requireStack: [Array],
  page: '/methodology'
}
 ⨯ Error: Cannot find module './366.js'
Require stack:
- C:\Users\Andrew\OneDrive\Documents\vgk-trade-roi\.next\server\webpack-runtime.js
- C:\Users\Andrew\OneDrive\Documents\vgk-trade-roi\.next\server\app\methodology\page.js
- C:\Users\Andrew\OneDrive\Documents\vgk-trade-roi\node_modules\next\dist\server\require.js
- C:\Users\Andrew\OneDrive\Documents\vgk-trade-roi\node_modules\next\dist\server\load-components.js
- C:\Users\Andrew\OneDrive\Documents\vgk-trade-roi\node_modules\next\dist\build\utils.js
- C:\Users\Andrew\OneDrive\Documents\vgk-trade-roi\node_modules\next\dist\build\swc\options.js
- C:\Users\Andrew\OneDrive\Documents\vgk-trade-roi\node_modules\next\dist\build\swc\index.js
- C:\Users\Andrew\OneDrive\Documents\vgk-trade-roi\node_modules\next\dist\build\next-config-ts\transpile-config.js
- C:\Users\Andrew\OneDrive\Documents\vgk-trade-roi\node_modules\next\dist\server\config.js
- C:\Users\Andrew\OneDrive\Documents\vgk-trade-roi\node_modules\next\dist\server\next.js
- C:\Users\Andrew\OneDrive\Documents\vgk-trade-roi\node_modules\next\dist\server\lib\start-server.js
    at __webpack_require__.f.require (C:\Users\Andrew\OneDrive\Documents\vgk-trade-roi\.next\server\webpack-runtime.js:198:28)
    at <unknown> (C:\Users\Andrew\OneDrive\Documents\vgk-trade-roi\.next\server\webpack-runtime.js:111:40)
    at Array.reduce (<anonymous>)
    at __webpack_require__.e (C:\Users\Andrew\OneDrive\Documents\vgk-trade-roi\.next\server\webpack-runtime.js:110:67)
    at Array.map (<anonymous>)
    at __webpack_require__.X (C:\Users\Andrew\OneDrive\Documents\vgk-trade-roi\.next\server\webpack-runtime.js:162:22)
    at <unknown> (C:\Users\Andrew\OneDrive\Documents\vgk-trade-roi\.next\server\app\about\page.js:1:10264)
    at Object.<anonymous> (C:\Users\Andrew\OneDrive\Documents\vgk-trade-roi\.next\server\app\about\page.js:1:10305) {
  code: 'MODULE_NOT_FOUND',
  requireStack: [Array],
  page: '/about'
}
 ⨯ Error: Cannot find module './366.js'
Require stack:
- C:\Users\Andrew\OneDrive\Documents\vgk-trade-roi\.next\server\webpack-runtime.js
- C:\Users\Andrew\OneDrive\Documents\vgk-trade-roi\.next\server\app\methodology\page.js
- C:\Users\Andrew\OneDrive\Documents\vgk-trade-roi\node_modules\next\dist\server\require.js
- C:\Users\Andrew\OneDrive\Documents\vgk-trade-roi\node_modules\next\dist\server\load-components.js
- C:\Users\Andrew\OneDrive\Documents\vgk-trade-roi\node_modules\next\dist\build\utils.js
- C:\Users\Andrew\OneDrive\Documents\vgk-trade-roi\node_modules\next\dist\build\swc\options.js
- C:\Users\Andrew\OneDrive\Documents\vgk-trade-roi\node_modules\next\dist\build\swc\index.js
- C:\Users\Andrew\OneDrive\Documents\vgk-trade-roi\node_modules\next\dist\build\next-config-ts\transpile-config.js
- C:\Users\Andrew\OneDrive\Documents\vgk-trade-roi\node_modules\next\dist\server\config.js
- C:\Users\Andrew\OneDrive\Documents\vgk-trade-roi\node_modules\next\dist\server\next.js
- C:\Users\Andrew\OneDrive\Documents\vgk-trade-roi\node_modules\next\dist\server\lib\start-server.js
    at __webpack_require__.f.require (C:\Users\Andrew\OneDrive\Documents\vgk-trade-roi\.next\server\webpack-runtime.js:198:28)
    at <unknown> (C:\Users\Andrew\OneDrive\Documents\vgk-trade-roi\.next\server\webpack-runtime.js:111:40)
    at Array.reduce (<anonymous>)
    at __webpack_require__.e (C:\Users\Andrew\OneDrive\Documents\vgk-trade-roi\.next\server\webpack-runtime.js:110:67)
    at Array.map (<anonymous>)
    at __webpack_require__.X (C:\Users\Andrew\OneDrive\Documents\vgk-trade-roi\.next\server\webpack-runtime.js:162:22)
    at <unknown> (C:\Users\Andrew\OneDrive\Documents\vgk-trade-roi\.next\server\app\page.js:1:20101)
    at Object.<anonymous> (C:\Users\Andrew\OneDrive\Documents\vgk-trade-roi\.next\server\app\page.js:1:20142) {
  code: 'MODULE_NOT_FOUND',
  requireStack: [Array],
  page: '/'
}
 ⨯ Error: ENOENT: no such file or directory, open 'C:\Users\Andrew\OneDrive\Documents\vgk-trade-roi\.next\server\vendor-chunks\next.js'
    at __webpack_require__.f.require (C:\Users\Andrew\OneDrive\Documents\vgk-trade-roi\.next\server\webpack-runtime.js:198:28)
    at <unknown> (C:\Users\Andrew\OneDrive\Documents\vgk-trade-roi\.next\server\webpack-runtime.js:111:40)
    at Array.reduce (<anonymous>)
    at __webpack_require__.e (C:\Users\Andrew\OneDrive\Documents\vgk-trade-roi\.next\server\webpack-runtime.js:110:67)
    at Array.map (<anonymous>)
    at __webpack_require__.X (C:\Users\Andrew\OneDrive\Documents\vgk-trade-roi\.next\server\webpack-runtime.js:162:22)
    at <unknown> (C:\Users\Andrew\OneDrive\Documents\vgk-trade-roi\.next\server\app\trade-notes\page.js:302:47)
    at Object.<anonymous> (C:\Users\Andrew\OneDrive\Documents\vgk-trade-roi\.next\server\app\trade-notes\page.js:305:3) {
  errno: -4058,
  code: 'ENOENT',
  syscall: 'open',
  path: 'C:\\Users\\Andrew\\OneDrive\\Documents\\vgk-trade-roi\\.next\\server\\vendor-chunks\\next.js',
  page: '/trade-notes'
}
Watchpack Error (initial scan): Error: EINVAL: invalid argument, lstat 'C:\DumpStack.log.tmp'
Watchpack Error (initial scan): Error: EINVAL: invalid argument, lstat 'C:\hiberfil.sys'
Watchpack Error (initial scan): Error: EINVAL: invalid argument, lstat 'C:\pagefile.sys'
Watchpack Error (initial scan): Error: EINVAL: invalid argument, lstat 'C:\swapfile.sys'
Watchpack Error (initial scan): Error: EINVAL: invalid argument, lstat 'C:\DumpStack.log.tmp'
Watchpack Error (initial scan): Error: EINVAL: invalid argument, lstat 'C:\hiberfil.sys'
Watchpack Error (initial scan): Error: EINVAL: invalid argument, lstat 'C:\pagefile.sys'
Watchpack Error (initial scan): Error: EINVAL: invalid argument, lstat 'C:\swapfile.sys'
 ⨯ Error: Cannot find module './366.js'
Require stack:
- C:\Users\Andrew\OneDrive\Documents\vgk-trade-roi\.next\server\webpack-runtime.js
- C:\Users\Andrew\OneDrive\Documents\vgk-trade-roi\.next\server\pages\_document.js
- C:\Users\Andrew\OneDrive\Documents\vgk-trade-roi\node_modules\next\dist\server\require.js
- C:\Users\Andrew\OneDrive\Documents\vgk-trade-roi\node_modules\next\dist\server\load-components.js
- C:\Users\Andrew\OneDrive\Documents\vgk-trade-roi\node_modules\next\dist\build\utils.js
- C:\Users\Andrew\OneDrive\Documents\vgk-trade-roi\node_modules\next\dist\build\swc\options.js
- C:\Users\Andrew\OneDrive\Documents\vgk-trade-roi\node_modules\next\dist\build\swc\index.js
- C:\Users\Andrew\OneDrive\Documents\vgk-trade-roi\node_modules\next\dist\build\next-config-ts\transpile-config.js
- C:\Users\Andrew\OneDrive\Documents\vgk-trade-roi\node_modules\next\dist\server\config.js
- C:\Users\Andrew\OneDrive\Documents\vgk-trade-roi\node_modules\next\dist\server\next.js
- C:\Users\Andrew\OneDrive\Documents\vgk-trade-roi\node_modules\next\dist\server\lib\start-server.js
    at __webpack_require__.f.require (C:\Users\Andrew\OneDrive\Documents\vgk-trade-roi\.next\server\webpack-runtime.js:198:28)
    at <unknown> (C:\Users\Andrew\OneDrive\Documents\vgk-trade-roi\.next\server\webpack-runtime.js:111:40)
    at Array.reduce (<anonymous>)
    at __webpack_require__.e (C:\Users\Andrew\OneDrive\Documents\vgk-trade-roi\.next\server\webpack-runtime.js:110:67)
    at Array.map (<anonymous>)
    at __webpack_require__.X (C:\Users\Andrew\OneDrive\Documents\vgk-trade-roi\.next\server\webpack-runtime.js:162:22)
    at <unknown> (C:\Users\Andrew\OneDrive\Documents\vgk-trade-roi\.next\server\app\page.js:1:20101)
    at Object.<anonymous> (C:\Users\Andrew\OneDrive\Documents\vgk-trade-roi\.next\server\app\page.js:1:20142) {
  code: 'MODULE_NOT_FOUND',
  requireStack: [Array],
  page: '/'
}
 ⨯ Error: Cannot find module './366.js'
Require stack:
- C:\Users\Andrew\OneDrive\Documents\vgk-trade-roi\.next\server\webpack-runtime.js
- C:\Users\Andrew\OneDrive\Documents\vgk-trade-roi\.next\server\app\dashboards\page.js
- C:\Users\Andrew\OneDrive\Documents\vgk-trade-roi\node_modules\next\dist\server\require.js
- C:\Users\Andrew\OneDrive\Documents\vgk-trade-roi\node_modules\next\dist\server\load-components.js
- C:\Users\Andrew\OneDrive\Documents\vgk-trade-roi\node_modules\next\dist\build\utils.js
- C:\Users\Andrew\OneDrive\Documents\vgk-trade-roi\node_modules\next\dist\build\swc\options.js
- C:\Users\Andrew\OneDrive\Documents\vgk-trade-roi\node_modules\next\dist\build\swc\index.js
- C:\Users\Andrew\OneDrive\Documents\vgk-trade-roi\node_modules\next\dist\build\next-config-ts\transpile-config.js
- C:\Users\Andrew\OneDrive\Documents\vgk-trade-roi\node_modules\next\dist\server\config.js
- C:\Users\Andrew\OneDrive\Documents\vgk-trade-roi\node_modules\next\dist\server\next.js
- C:\Users\Andrew\OneDrive\Documents\vgk-trade-roi\node_modules\next\dist\server\lib\start-server.js
    at __webpack_require__.f.require (C:\Users\Andrew\OneDrive\Documents\vgk-trade-roi\.next\server\webpack-runtime.js:198:28)
    at <unknown> (C:\Users\Andrew\OneDrive\Documents\vgk-trade-roi\.next\server\webpack-runtime.js:111:40)
    at Array.reduce (<anonymous>)
    at __webpack_require__.e (C:\Users\Andrew\OneDrive\Documents\vgk-trade-roi\.next\server\webpack-runtime.js:110:67)
    at Array.map (<anonymous>)
    at __webpack_require__.X (C:\Users\Andrew\OneDrive\Documents\vgk-trade-roi\.next\server\webpack-runtime.js:162:22)
    at <unknown> (C:\Users\Andrew\OneDrive\Documents\vgk-trade-roi\.next\server\app\dashboards\page.js:1:10494)
    at Object.<anonymous> (C:\Users\Andrew\OneDrive\Documents\vgk-trade-roi\.next\server\app\dashboards\page.js:1:10535) {
  code: 'MODULE_NOT_FOUND',
  requireStack: [Array],
  page: '/dashboards'
}
 ⨯ Error: Cannot find module './366.js'
Require stack:
- C:\Users\Andrew\OneDrive\Documents\vgk-trade-roi\.next\server\webpack-runtime.js
- C:\Users\Andrew\OneDrive\Documents\vgk-trade-roi\.next\server\app\dashboards\page.js
- C:\Users\Andrew\OneDrive\Documents\vgk-trade-roi\node_modules\next\dist\server\require.js
- C:\Users\Andrew\OneDrive\Documents\vgk-trade-roi\node_modules\next\dist\server\load-components.js
- C:\Users\Andrew\OneDrive\Documents\vgk-trade-roi\node_modules\next\dist\build\utils.js
- C:\Users\Andrew\OneDrive\Documents\vgk-trade-roi\node_modules\next\dist\build\swc\options.js
- C:\Users\Andrew\OneDrive\Documents\vgk-trade-roi\node_modules\next\dist\build\swc\index.js
- C:\Users\Andrew\OneDrive\Documents\vgk-trade-roi\node_modules\next\dist\build\next-config-ts\transpile-config.js
- C:\Users\Andrew\OneDrive\Documents\vgk-trade-roi\node_modules\next\dist\server\config.js
- C:\Users\Andrew\OneDrive\Documents\vgk-trade-roi\node_modules\next\dist\server\next.js
- C:\Users\Andrew\OneDrive\Documents\vgk-trade-roi\node_modules\next\dist\server\lib\start-server.js
    at __webpack_require__.f.require (C:\Users\Andrew\OneDrive\Documents\vgk-trade-roi\.next\server\webpack-runtime.js:198:28)
    at <unknown> (C:\Users\Andrew\OneDrive\Documents\vgk-trade-roi\.next\server\webpack-runtime.js:111:40)
    at Array.reduce (<anonymous>)
    at __webpack_require__.e (C:\Users\Andrew\OneDrive\Documents\vgk-trade-roi\.next\server\webpack-runtime.js:110:67)
    at Array.map (<anonymous>)
    at __webpack_require__.X (C:\Users\Andrew\OneDrive\Documents\vgk-trade-roi\.next\server\webpack-runtime.js:162:22)
    at <unknown> (C:\Users\Andrew\OneDrive\Documents\vgk-trade-roi\.next\server\app\about\page.js:1:10586)
    at Object.<anonymous> (C:\Users\Andrew\OneDrive\Documents\vgk-trade-roi\.next\server\app\about\page.js:1:10627) {
  code: 'MODULE_NOT_FOUND',
  requireStack: [Array],
  page: '/about'
}
 ⨯ Error: Cannot find module './366.js'
Require stack:
- C:\Users\Andrew\OneDrive\Documents\vgk-trade-roi\.next\server\webpack-runtime.js
- C:\Users\Andrew\OneDrive\Documents\vgk-trade-roi\.next\server\app\dashboards\page.js
- C:\Users\Andrew\OneDrive\Documents\vgk-trade-roi\node_modules\next\dist\server\require.js
- C:\Users\Andrew\OneDrive\Documents\vgk-trade-roi\node_modules\next\dist\server\load-components.js
- C:\Users\Andrew\OneDrive\Documents\vgk-trade-roi\node_modules\next\dist\build\utils.js
- C:\Users\Andrew\OneDrive\Documents\vgk-trade-roi\node_modules\next\dist\build\swc\options.js
- C:\Users\Andrew\OneDrive\Documents\vgk-trade-roi\node_modules\next\dist\build\swc\index.js
- C:\Users\Andrew\OneDrive\Documents\vgk-trade-roi\node_modules\next\dist\build\next-config-ts\transpile-config.js
- C:\Users\Andrew\OneDrive\Documents\vgk-trade-roi\node_modules\next\dist\server\config.js
- C:\Users\Andrew\OneDrive\Documents\vgk-trade-roi\node_modules\next\dist\server\next.js
- C:\Users\Andrew\OneDrive\Documents\vgk-trade-roi\node_modules\next\dist\server\lib\start-server.js
    at __webpack_require__.f.require (C:\Users\Andrew\OneDrive\Documents\vgk-trade-roi\.next\server\webpack-runtime.js:198:28)
    at <unknown> (C:\Users\Andrew\OneDrive\Documents\vgk-trade-roi\.next\server\webpack-runtime.js:111:40)
    at Array.reduce (<anonymous>)
    at __webpack_require__.e (C:\Users\Andrew\OneDrive\Documents\vgk-trade-roi\.next\server\webpack-runtime.js:110:67)
    at Array.map (<anonymous>)
    at __webpack_require__.X (C:\Users\Andrew\OneDrive\Documents\vgk-trade-roi\.next\server\webpack-runtime.js:162:22)
    at <unknown> (C:\Users\Andrew\OneDrive\Documents\vgk-trade-roi\.next\server\app\methodology\page.js:1:10739)
    at Object.<anonymous> (C:\Users\Andrew\OneDrive\Documents\vgk-trade-roi\.next\server\app\methodology\page.js:1:10780) {
  code: 'MODULE_NOT_FOUND',
  requireStack: [Array],
  page: '/methodology'
}
 ⨯ Error: Cannot find module './548.js'
Require stack:
- C:\Users\Andrew\OneDrive\Documents\vgk-trade-roi\.next\server\webpack-runtime.js
- C:\Users\Andrew\OneDrive\Documents\vgk-trade-roi\.next\server\app\dashboards\page.js
- C:\Users\Andrew\OneDrive\Documents\vgk-trade-roi\node_modules\next\dist\server\require.js
- C:\Users\Andrew\OneDrive\Documents\vgk-trade-roi\node_modules\next\dist\server\load-components.js
- C:\Users\Andrew\OneDrive\Documents\vgk-trade-roi\node_modules\next\dist\build\utils.js
- C:\Users\Andrew\OneDrive\Documents\vgk-trade-roi\node_modules\next\dist\build\swc\options.js
- C:\Users\Andrew\OneDrive\Documents\vgk-trade-roi\node_modules\next\dist\build\swc\index.js
- C:\Users\Andrew\OneDrive\Documents\vgk-trade-roi\node_modules\next\dist\build\next-config-ts\transpile-config.js
- C:\Users\Andrew\OneDrive\Documents\vgk-trade-roi\node_modules\next\dist\server\config.js
- C:\Users\Andrew\OneDrive\Documents\vgk-trade-roi\node_modules\next\dist\server\next.js
- C:\Users\Andrew\OneDrive\Documents\vgk-trade-roi\node_modules\next\dist\server\lib\start-server.js
    at __webpack_require__.f.require (C:\Users\Andrew\OneDrive\Documents\vgk-trade-roi\.next\server\webpack-runtime.js:198:28)
    at <unknown> (C:\Users\Andrew\OneDrive\Documents\vgk-trade-roi\.next\server\webpack-runtime.js:111:40)
    at Array.reduce (<anonymous>)
    at __webpack_require__.e (C:\Users\Andrew\OneDrive\Documents\vgk-trade-roi\.next\server\webpack-runtime.js:110:67)
    at Array.map (<anonymous>)
    at __webpack_require__.X (C:\Users\Andrew\OneDrive\Documents\vgk-trade-roi\.next\server\webpack-runtime.js:162:22)
    at <unknown> (C:\Users\Andrew\OneDrive\Documents\vgk-trade-roi\.next\server\pages\_document.js:1:335)
    at Object.<anonymous> (C:\Users\Andrew\OneDrive\Documents\vgk-trade-roi\.next\server\pages\_document.js:1:376) {
  code: 'MODULE_NOT_FOUND',
  requireStack: [Array]
}
 ⨯ Error: Cannot find module './548.js'
Require stack:
- C:\Users\Andrew\OneDrive\Documents\vgk-trade-roi\.next\server\webpack-runtime.js
- C:\Users\Andrew\OneDrive\Documents\vgk-trade-roi\.next\server\app\dashboards\page.js
- C:\Users\Andrew\OneDrive\Documents\vgk-trade-roi\node_modules\next\dist\server\require.js
- C:\Users\Andrew\OneDrive\Documents\vgk-trade-roi\node_modules\next\dist\server\load-components.js
- C:\Users\Andrew\OneDrive\Documents\vgk-trade-roi\node_modules\next\dist\build\utils.js
- C:\Users\Andrew\OneDrive\Documents\vgk-trade-roi\node_modules\next\dist\build\swc\options.js
- C:\Users\Andrew\OneDrive\Documents\vgk-trade-roi\node_modules\next\dist\build\swc\index.js
- C:\Users\Andrew\OneDrive\Documents\vgk-trade-roi\node_modules\next\dist\build\next-config-ts\transpile-config.js
- C:\Users\Andrew\OneDrive\Documents\vgk-trade-roi\node_modules\next\dist\server\config.js
- C:\Users\Andrew\OneDrive\Documents\vgk-trade-roi\node_modules\next\dist\server\next.js
- C:\Users\Andrew\OneDrive\Documents\vgk-trade-roi\node_modules\next\dist\server\lib\start-server.js
    at __webpack_require__.f.require (C:\Users\Andrew\OneDrive\Documents\vgk-trade-roi\.next\server\webpack-runtime.js:198:28)
    at <unknown> (C:\Users\Andrew\OneDrive\Documents\vgk-trade-roi\.next\server\webpack-runtime.js:111:40)
    at Array.reduce (<anonymous>)
    at __webpack_require__.e (C:\Users\Andrew\OneDrive\Documents\vgk-trade-roi\.next\server\webpack-runtime.js:110:67)
    at Array.map (<anonymous>)
    at __webpack_require__.X (C:\Users\Andrew\OneDrive\Documents\vgk-trade-roi\.next\server\webpack-runtime.js:162:22)
    at <unknown> (C:\Users\Andrew\OneDrive\Documents\vgk-trade-roi\.next\server\pages\_document.js:1:335)
    at Object.<anonymous> (C:\Users\Andrew\OneDrive\Documents\vgk-trade-roi\.next\server\pages\_document.js:1:376) {
  code: 'MODULE_NOT_FOUND',
  requireStack: [Array]
}
 ⨯ Error: Cannot find module './548.js'
Require stack:
- C:\Users\Andrew\OneDrive\Documents\vgk-trade-roi\.next\server\webpack-runtime.js
- C:\Users\Andrew\OneDrive\Documents\vgk-trade-roi\.next\server\app\dashboards\page.js
- C:\Users\Andrew\OneDrive\Documents\vgk-trade-roi\node_modules\next\dist\server\require.js
- C:\Users\Andrew\OneDrive\Documents\vgk-trade-roi\node_modules\next\dist\server\load-components.js
- C:\Users\Andrew\OneDrive\Documents\vgk-trade-roi\node_modules\next\dist\build\utils.js
- C:\Users\Andrew\OneDrive\Documents\vgk-trade-roi\node_modules\next\dist\build\swc\options.js
- C:\Users\Andrew\OneDrive\Documents\vgk-trade-roi\node_modules\next\dist\build\swc\index.js
- C:\Users\Andrew\OneDrive\Documents\vgk-trade-roi\node_modules\next\dist\build\next-config-ts\transpile-config.js
- C:\Users\Andrew\OneDrive\Documents\vgk-trade-roi\node_modules\next\dist\server\config.js
- C:\Users\Andrew\OneDrive\Documents\vgk-trade-roi\node_modules\next\dist\server\next.js
- C:\Users\Andrew\OneDrive\Documents\vgk-trade-roi\node_modules\next\dist\server\lib\start-server.js
    at __webpack_require__.f.require (C:\Users\Andrew\OneDrive\Documents\vgk-trade-roi\.next\server\webpack-runtime.js:198:28)
    at <unknown> (C:\Users\Andrew\OneDrive\Documents\vgk-trade-roi\.next\server\webpack-runtime.js:111:40)
    at Array.reduce (<anonymous>)
    at __webpack_require__.e (C:\Users\Andrew\OneDrive\Documents\vgk-trade-roi\.next\server\webpack-runtime.js:110:67)
    at Array.map (<anonymous>)
    at __webpack_require__.X (C:\Users\Andrew\OneDrive\Documents\vgk-trade-roi\.next\server\webpack-runtime.js:162:22)
    at <unknown> (C:\Users\Andrew\OneDrive\Documents\vgk-trade-roi\.next\server\pages\_document.js:1:335)
    at Object.<anonymous> (C:\Users\Andrew\OneDrive\Documents\vgk-trade-roi\.next\server\pages\_document.js:1:376) {
  code: 'MODULE_NOT_FOUND',
  requireStack: [Array]
}
Watchpack Error (initial scan): Error: EINVAL: invalid argument, lstat 'C:\DumpStack.log.tmp'
Watchpack Error (initial scan): Error: EINVAL: invalid argument, lstat 'C:\hiberfil.sys'
Watchpack Error (initial scan): Error: EINVAL: invalid argument, lstat 'C:\pagefile.sys'
Watchpack Error (initial scan): Error: EINVAL: invalid argument, lstat 'C:\swapfile.sys'
Watchpack Error (initial scan): Error: EINVAL: invalid argument, lstat 'C:\DumpStack.log.tmp'
Watchpack Error (initial scan): Error: EINVAL: invalid argument, lstat 'C:\hiberfil.sys'
Watchpack Error (initial scan): Error: EINVAL: invalid argument, lstat 'C:\pagefile.sys'
Watchpack Error (initial scan): Error: EINVAL: invalid argument, lstat 'C:\swapfile.sys'
Watchpack Error (initial scan): Error: EINVAL: invalid argument, lstat 'C:\DumpStack.log.tmp'
Watchpack Error (initial scan): Error: EINVAL: invalid argument, lstat 'C:\pagefile.sys'
Watchpack Error (initial scan): Error: EINVAL: invalid argument, lstat 'C:\swapfile.sys'
Watchpack Error (initial scan): Error: EINVAL: invalid argument, lstat 'C:\hiberfil.sys'
 ⨯ Error: Cannot find module './366.js'
Require stack:
- C:\Users\Andrew\OneDrive\Documents\vgk-trade-roi\.next\server\webpack-runtime.js
- C:\Users\Andrew\OneDrive\Documents\vgk-trade-roi\.next\server\app\dashboards\page.js
- C:\Users\Andrew\OneDrive\Documents\vgk-trade-roi\node_modules\next\dist\server\require.js
- C:\Users\Andrew\OneDrive\Documents\vgk-trade-roi\node_modules\next\dist\server\load-components.js
- C:\Users\Andrew\OneDrive\Documents\vgk-trade-roi\node_modules\next\dist\build\utils.js
- C:\Users\Andrew\OneDrive\Documents\vgk-trade-roi\node_modules\next\dist\build\swc\options.js
- C:\Users\Andrew\OneDrive\Documents\vgk-trade-roi\node_modules\next\dist\build\swc\index.js
- C:\Users\Andrew\OneDrive\Documents\vgk-trade-roi\node_modules\next\dist\build\next-config-ts\transpile-config.js
- C:\Users\Andrew\OneDrive\Documents\vgk-trade-roi\node_modules\next\dist\server\config.js
- C:\Users\Andrew\OneDrive\Documents\vgk-trade-roi\node_modules\next\dist\server\next.js
- C:\Users\Andrew\OneDrive\Documents\vgk-trade-roi\node_modules\next\dist\server\lib\start-server.js
    at __webpack_require__.f.require (C:\Users\Andrew\OneDrive\Documents\vgk-trade-roi\.next\server\webpack-runtime.js:198:28)
    at <unknown> (C:\Users\Andrew\OneDrive\Documents\vgk-trade-roi\.next\server\webpack-runtime.js:111:40)
    at Array.reduce (<anonymous>)
    at __webpack_require__.e (C:\Users\Andrew\OneDrive\Documents\vgk-trade-roi\.next\server\webpack-runtime.js:110:67)
    at Array.map (<anonymous>)
    at __webpack_require__.X (C:\Users\Andrew\OneDrive\Documents\vgk-trade-roi\.next\server\webpack-runtime.js:162:22)
    at <unknown> (C:\Users\Andrew\OneDrive\Documents\vgk-trade-roi\.next\server\app\methodology\page.js:1:10739)
    at Object.<anonymous> (C:\Users\Andrew\OneDrive\Documents\vgk-trade-roi\.next\server\app\methodology\page.js:1:10780) {
  code: 'MODULE_NOT_FOUND',
  requireStack: [Array],
  page: '/methodology'
}
 ⨯ Error: Cannot find module './548.js'
Require stack:
- C:\Users\Andrew\OneDrive\Documents\vgk-trade-roi\.next\server\webpack-runtime.js
- C:\Users\Andrew\OneDrive\Documents\vgk-trade-roi\.next\server\app\dashboards\page.js
- C:\Users\Andrew\OneDrive\Documents\vgk-trade-roi\node_modules\next\dist\server\require.js
- C:\Users\Andrew\OneDrive\Documents\vgk-trade-roi\node_modules\next\dist\server\load-components.js
- C:\Users\Andrew\OneDrive\Documents\vgk-trade-roi\node_modules\next\dist\build\utils.js
- C:\Users\Andrew\OneDrive\Documents\vgk-trade-roi\node_modules\next\dist\build\swc\options.js
- C:\Users\Andrew\OneDrive\Documents\vgk-trade-roi\node_modules\next\dist\build\swc\index.js
- C:\Users\Andrew\OneDrive\Documents\vgk-trade-roi\node_modules\next\dist\build\next-config-ts\transpile-config.js
- C:\Users\Andrew\OneDrive\Documents\vgk-trade-roi\node_modules\next\dist\server\config.js
- C:\Users\Andrew\OneDrive\Documents\vgk-trade-roi\node_modules\next\dist\server\next.js
- C:\Users\Andrew\OneDrive\Documents\vgk-trade-roi\node_modules\next\dist\server\lib\start-server.js
    at __webpack_require__.f.require (C:\Users\Andrew\OneDrive\Documents\vgk-trade-roi\.next\server\webpack-runtime.js:198:28)
    at <unknown> (C:\Users\Andrew\OneDrive\Documents\vgk-trade-roi\.next\server\webpack-runtime.js:111:40)
    at Array.reduce (<anonymous>)
    at __webpack_require__.e (C:\Users\Andrew\OneDrive\Documents\vgk-trade-roi\.next\server\webpack-runtime.js:110:67)
    at Array.map (<anonymous>)
    at __webpack_require__.X (C:\Users\Andrew\OneDrive\Documents\vgk-trade-roi\.next\server\webpack-runtime.js:162:22)
    at <unknown> (C:\Users\Andrew\OneDrive\Documents\vgk-trade-roi\.next\server\pages\_document.js:1:335)
    at Object.<anonymous> (C:\Users\Andrew\OneDrive\Documents\vgk-trade-roi\.next\server\pages\_document.js:1:376) {
  code: 'MODULE_NOT_FOUND',
  requireStack: [Array]
}
 ⨯ Error: Cannot find module './366.js'
Require stack:
- C:\Users\Andrew\OneDrive\Documents\vgk-trade-roi\.next\server\webpack-runtime.js
- C:\Users\Andrew\OneDrive\Documents\vgk-trade-roi\.next\server\app\dashboards\page.js
- C:\Users\Andrew\OneDrive\Documents\vgk-trade-roi\node_modules\next\dist\server\require.js
- C:\Users\Andrew\OneDrive\Documents\vgk-trade-roi\node_modules\next\dist\server\load-components.js
- C:\Users\Andrew\OneDrive\Documents\vgk-trade-roi\node_modules\next\dist\build\utils.js
- C:\Users\Andrew\OneDrive\Documents\vgk-trade-roi\node_modules\next\dist\build\swc\options.js
- C:\Users\Andrew\OneDrive\Documents\vgk-trade-roi\node_modules\next\dist\build\swc\index.js
- C:\Users\Andrew\OneDrive\Documents\vgk-trade-roi\node_modules\next\dist\build\next-config-ts\transpile-config.js
- C:\Users\Andrew\OneDrive\Documents\vgk-trade-roi\node_modules\next\dist\server\config.js
- C:\Users\Andrew\OneDrive\Documents\vgk-trade-roi\node_modules\next\dist\server\next.js
- C:\Users\Andrew\OneDrive\Documents\vgk-trade-roi\node_modules\next\dist\server\lib\start-server.js
    at __webpack_require__.f.require (C:\Users\Andrew\OneDrive\Documents\vgk-trade-roi\.next\server\webpack-runtime.js:198:28)
    at <unknown> (C:\Users\Andrew\OneDrive\Documents\vgk-trade-roi\.next\server\webpack-runtime.js:111:40)
    at Array.reduce (<anonymous>)
    at __webpack_require__.e (C:\Users\Andrew\OneDrive\Documents\vgk-trade-roi\.next\server\webpack-runtime.js:110:67)
    at Array.map (<anonymous>)
    at __webpack_require__.X (C:\Users\Andrew\OneDrive\Documents\vgk-trade-roi\.next\server\webpack-runtime.js:162:22)
    at <unknown> (C:\Users\Andrew\OneDrive\Documents\vgk-trade-roi\.next\server\app\page.js:1:20496)
    at Object.<anonymous> (C:\Users\Andrew\OneDrive\Documents\vgk-trade-roi\.next\server\app\page.js:1:20537) {
  code: 'MODULE_NOT_FOUND',
  requireStack: [Array],
  page: '/'
}
 ⨯ Error: Cannot find module './548.js'
Require stack:
- C:\Users\Andrew\OneDrive\Documents\vgk-trade-roi\.next\server\webpack-runtime.js
- C:\Users\Andrew\OneDrive\Documents\vgk-trade-roi\.next\server\app\dashboards\page.js
- C:\Users\Andrew\OneDrive\Documents\vgk-trade-roi\node_modules\next\dist\server\require.js
- C:\Users\Andrew\OneDrive\Documents\vgk-trade-roi\node_modules\next\dist\server\load-components.js
- C:\Users\Andrew\OneDrive\Documents\vgk-trade-roi\node_modules\next\dist\build\utils.js
- C:\Users\Andrew\OneDrive\Documents\vgk-trade-roi\node_modules\next\dist\build\swc\options.js
- C:\Users\Andrew\OneDrive\Documents\vgk-trade-roi\node_modules\next\dist\build\swc\index.js
- C:\Users\Andrew\OneDrive\Documents\vgk-trade-roi\node_modules\next\dist\build\next-config-ts\transpile-config.js
- C:\Users\Andrew\OneDrive\Documents\vgk-trade-roi\node_modules\next\dist\server\config.js
- C:\Users\Andrew\OneDrive\Documents\vgk-trade-roi\node_modules\next\dist\server\next.js
- C:\Users\Andrew\OneDrive\Documents\vgk-trade-roi\node_modules\next\dist\server\lib\start-server.js
    at __webpack_require__.f.require (C:\Users\Andrew\OneDrive\Documents\vgk-trade-roi\.next\server\webpack-runtime.js:198:28)
    at <unknown> (C:\Users\Andrew\OneDrive\Documents\vgk-trade-roi\.next\server\webpack-runtime.js:111:40)
    at Array.reduce (<anonymous>)
    at __webpack_require__.e (C:\Users\Andrew\OneDrive\Documents\vgk-trade-roi\.next\server\webpack-runtime.js:110:67)
    at Array.map (<anonymous>)
    at __webpack_require__.X (C:\Users\Andrew\OneDrive\Documents\vgk-trade-roi\.next\server\webpack-runtime.js:162:22)
    at <unknown> (C:\Users\Andrew\OneDrive\Documents\vgk-trade-roi\.next\server\pages\_document.js:1:335)
    at Object.<anonymous> (C:\Users\Andrew\OneDrive\Documents\vgk-trade-roi\.next\server\pages\_document.js:1:376) {
  code: 'MODULE_NOT_FOUND',
  requireStack: [Array]
}
 ⨯ Error: Cannot find module './366.js'
Require stack:
- C:\Users\Andrew\OneDrive\Documents\vgk-trade-roi\.next\server\webpack-runtime.js
- C:\Users\Andrew\OneDrive\Documents\vgk-trade-roi\.next\server\app\dashboards\page.js
- C:\Users\Andrew\OneDrive\Documents\vgk-trade-roi\node_modules\next\dist\server\require.js
- C:\Users\Andrew\OneDrive\Documents\vgk-trade-roi\node_modules\next\dist\server\load-components.js
- C:\Users\Andrew\OneDrive\Documents\vgk-trade-roi\node_modules\next\dist\build\utils.js
- C:\Users\Andrew\OneDrive\Documents\vgk-trade-roi\node_modules\next\dist\build\swc\options.js
- C:\Users\Andrew\OneDrive\Documents\vgk-trade-roi\node_modules\next\dist\build\swc\index.js
- C:\Users\Andrew\OneDrive\Documents\vgk-trade-roi\node_modules\next\dist\build\next-config-ts\transpile-config.js
- C:\Users\Andrew\OneDrive\Documents\vgk-trade-roi\node_modules\next\dist\server\config.js
- C:\Users\Andrew\OneDrive\Documents\vgk-trade-roi\node_modules\next\dist\server\next.js
- C:\Users\Andrew\OneDrive\Documents\vgk-trade-roi\node_modules\next\dist\server\lib\start-server.js
    at __webpack_require__.f.require (C:\Users\Andrew\OneDrive\Documents\vgk-trade-roi\.next\server\webpack-runtime.js:198:28)
    at <unknown> (C:\Users\Andrew\OneDrive\Documents\vgk-trade-roi\.next\server\webpack-runtime.js:111:40)
    at Array.reduce (<anonymous>)
    at __webpack_require__.e (C:\Users\Andrew\OneDrive\Documents\vgk-trade-roi\.next\server\webpack-runtime.js:110:67)
    at Array.map (<anonymous>)
    at __webpack_require__.X (C:\Users\Andrew\OneDrive\Documents\vgk-trade-roi\.next\server\webpack-runtime.js:162:22)
    at <unknown> (C:\Users\Andrew\OneDrive\Documents\vgk-trade-roi\.next\server\app\page.js:1:20496)
    at Object.<anonymous> (C:\Users\Andrew\OneDrive\Documents\vgk-trade-roi\.next\server\app\page.js:1:20537) {
  code: 'MODULE_NOT_FOUND',
  requireStack: [Array],
  page: '/'
}
 ⨯ Error: Cannot find module './548.js'
Require stack:
- C:\Users\Andrew\OneDrive\Documents\vgk-trade-roi\.next\server\webpack-runtime.js
- C:\Users\Andrew\OneDrive\Documents\vgk-trade-roi\.next\server\app\dashboards\page.js
- C:\Users\Andrew\OneDrive\Documents\vgk-trade-roi\node_modules\next\dist\server\require.js
- C:\Users\Andrew\OneDrive\Documents\vgk-trade-roi\node_modules\next\dist\server\load-components.js
- C:\Users\Andrew\OneDrive\Documents\vgk-trade-roi\node_modules\next\dist\build\utils.js
- C:\Users\Andrew\OneDrive\Documents\vgk-trade-roi\node_modules\next\dist\build\swc\options.js
- C:\Users\Andrew\OneDrive\Documents\vgk-trade-roi\node_modules\next\dist\build\swc\index.js
- C:\Users\Andrew\OneDrive\Documents\vgk-trade-roi\node_modules\next\dist\build\next-config-ts\transpile-config.js
- C:\Users\Andrew\OneDrive\Documents\vgk-trade-roi\node_modules\next\dist\server\config.js
- C:\Users\Andrew\OneDrive\Documents\vgk-trade-roi\node_modules\next\dist\server\next.js
- C:\Users\Andrew\OneDrive\Documents\vgk-trade-roi\node_modules\next\dist\server\lib\start-server.js
    at __webpack_require__.f.require (C:\Users\Andrew\OneDrive\Documents\vgk-trade-roi\.next\server\webpack-runtime.js:198:28)
    at <unknown> (C:\Users\Andrew\OneDrive\Documents\vgk-trade-roi\.next\server\webpack-runtime.js:111:40)
    at Array.reduce (<anonymous>)
    at __webpack_require__.e (C:\Users\Andrew\OneDrive\Documents\vgk-trade-roi\.next\server\webpack-runtime.js:110:67)
    at Array.map (<anonymous>)
    at __webpack_require__.X (C:\Users\Andrew\OneDrive\Documents\vgk-trade-roi\.next\server\webpack-runtime.js:162:22)
    at <unknown> (C:\Users\Andrew\OneDrive\Documents\vgk-trade-roi\.next\server\pages\_document.js:1:335)
    at Object.<anonymous> (C:\Users\Andrew\OneDrive\Documents\vgk-trade-roi\.next\server\pages\_document.js:1:376) {
  code: 'MODULE_NOT_FOUND',
  requireStack: [Array]
}
<w> [webpack.cache.PackFileCacheStrategy] Caching failed for pack: Error: ENOENT: no such file or directory, rename 'C:\Users\Andrew\OneDrive\Documents\vgk-trade-roi\.next\cache\webpack\client-development\0.pack.gz_' -> 'C:\Users\Andrew\OneDrive\Documents\vgk-trade-roi\.next\cache\webpack\client-development\0.pack.gz'
 ⨯ Error: Cannot find module './366.js'
Require stack:
- C:\Users\Andrew\OneDrive\Documents\vgk-trade-roi\.next\server\webpack-runtime.js
- C:\Users\Andrew\OneDrive\Documents\vgk-trade-roi\.next\server\app\dashboards\page.js
- C:\Users\Andrew\OneDrive\Documents\vgk-trade-roi\node_modules\next\dist\server\require.js
- C:\Users\Andrew\OneDrive\Documents\vgk-trade-roi\node_modules\next\dist\server\load-components.js
- C:\Users\Andrew\OneDrive\Documents\vgk-trade-roi\node_modules\next\dist\build\utils.js
- C:\Users\Andrew\OneDrive\Documents\vgk-trade-roi\node_modules\next\dist\build\swc\options.js
- C:\Users\Andrew\OneDrive\Documents\vgk-trade-roi\node_modules\next\dist\build\swc\index.js
- C:\Users\Andrew\OneDrive\Documents\vgk-trade-roi\node_modules\next\dist\build\next-config-ts\transpile-config.js
- C:\Users\Andrew\OneDrive\Documents\vgk-trade-roi\node_modules\next\dist\server\config.js
- C:\Users\Andrew\OneDrive\Documents\vgk-trade-roi\node_modules\next\dist\server\next.js
- C:\Users\Andrew\OneDrive\Documents\vgk-trade-roi\node_modules\next\dist\server\lib\start-server.js
    at __webpack_require__.f.require (C:\Users\Andrew\OneDrive\Documents\vgk-trade-roi\.next\server\webpack-runtime.js:198:28)
    at <unknown> (C:\Users\Andrew\OneDrive\Documents\vgk-trade-roi\.next\server\webpack-runtime.js:111:40)
    at Array.reduce (<anonymous>)
    at __webpack_require__.e (C:\Users\Andrew\OneDrive\Documents\vgk-trade-roi\.next\server\webpack-runtime.js:110:67)
    at Array.map (<anonymous>)
    at __webpack_require__.X (C:\Users\Andrew\OneDrive\Documents\vgk-trade-roi\.next\server\webpack-runtime.js:162:22)
    at <unknown> (C:\Users\Andrew\OneDrive\Documents\vgk-trade-roi\.next\server\app\page.js:1:20496)
    at Object.<anonymous> (C:\Users\Andrew\OneDrive\Documents\vgk-trade-roi\.next\server\app\page.js:1:20537) {
  code: 'MODULE_NOT_FOUND',
  requireStack: [Array],
  page: '/'
}
 ⨯ Error: Cannot find module './548.js'
Require stack:
- C:\Users\Andrew\OneDrive\Documents\vgk-trade-roi\.next\server\webpack-runtime.js
- C:\Users\Andrew\OneDrive\Documents\vgk-trade-roi\.next\server\app\dashboards\page.js
- C:\Users\Andrew\OneDrive\Documents\vgk-trade-roi\node_modules\next\dist\server\require.js
- C:\Users\Andrew\OneDrive\Documents\vgk-trade-roi\node_modules\next\dist\server\load-components.js
- C:\Users\Andrew\OneDrive\Documents\vgk-trade-roi\node_modules\next\dist\build\utils.js
- C:\Users\Andrew\OneDrive\Documents\vgk-trade-roi\node_modules\next\dist\build\swc\options.js
- C:\Users\Andrew\OneDrive\Documents\vgk-trade-roi\node_modules\next\dist\build\swc\index.js
- C:\Users\Andrew\OneDrive\Documents\vgk-trade-roi\node_modules\next\dist\build\next-config-ts\transpile-config.js
- C:\Users\Andrew\OneDrive\Documents\vgk-trade-roi\node_modules\next\dist\server\config.js
- C:\Users\Andrew\OneDrive\Documents\vgk-trade-roi\node_modules\next\dist\server\next.js
- C:\Users\Andrew\OneDrive\Documents\vgk-trade-roi\node_modules\next\dist\server\lib\start-server.js
    at __webpack_require__.f.require (C:\Users\Andrew\OneDrive\Documents\vgk-trade-roi\.next\server\webpack-runtime.js:198:28)
    at <unknown> (C:\Users\Andrew\OneDrive\Documents\vgk-trade-roi\.next\server\webpack-runtime.js:111:40)
    at Array.reduce (<anonymous>)
    at __webpack_require__.e (C:\Users\Andrew\OneDrive\Documents\vgk-trade-roi\.next\server\webpack-runtime.js:110:67)
    at Array.map (<anonymous>)
    at __webpack_require__.X (C:\Users\Andrew\OneDrive\Documents\vgk-trade-roi\.next\server\webpack-runtime.js:162:22)
    at <unknown> (C:\Users\Andrew\OneDrive\Documents\vgk-trade-roi\.next\server\pages\_document.js:1:335)
    at Object.<anonymous> (C:\Users\Andrew\OneDrive\Documents\vgk-trade-roi\.next\server\pages\_document.js:1:376) {
  code: 'MODULE_NOT_FOUND',
  requireStack: [Array]
}
 ⨯ Error: Cannot find module './366.js'
Require stack:
- C:\Users\Andrew\OneDrive\Documents\vgk-trade-roi\.next\server\webpack-runtime.js
- C:\Users\Andrew\OneDrive\Documents\vgk-trade-roi\.next\server\app\dashboards\page.js
- C:\Users\Andrew\OneDrive\Documents\vgk-trade-roi\node_modules\next\dist\server\require.js
- C:\Users\Andrew\OneDrive\Documents\vgk-trade-roi\node_modules\next\dist\server\load-components.js
- C:\Users\Andrew\OneDrive\Documents\vgk-trade-roi\node_modules\next\dist\build\utils.js
- C:\Users\Andrew\OneDrive\Documents\vgk-trade-roi\node_modules\next\dist\build\swc\options.js
- C:\Users\Andrew\OneDrive\Documents\vgk-trade-roi\node_modules\next\dist\build\swc\index.js
- C:\Users\Andrew\OneDrive\Documents\vgk-trade-roi\node_modules\next\dist\build\next-config-ts\transpile-config.js
- C:\Users\Andrew\OneDrive\Documents\vgk-trade-roi\node_modules\next\dist\server\config.js
- C:\Users\Andrew\OneDrive\Documents\vgk-trade-roi\node_modules\next\dist\server\next.js
- C:\Users\Andrew\OneDrive\Documents\vgk-trade-roi\node_modules\next\dist\server\lib\start-server.js
    at __webpack_require__.f.require (C:\Users\Andrew\OneDrive\Documents\vgk-trade-roi\.next\server\webpack-runtime.js:198:28)
    at <unknown> (C:\Users\Andrew\OneDrive\Documents\vgk-trade-roi\.next\server\webpack-runtime.js:111:40)
    at Array.reduce (<anonymous>)
    at __webpack_require__.e (C:\Users\Andrew\OneDrive\Documents\vgk-trade-roi\.next\server\webpack-runtime.js:110:67)
    at Array.map (<anonymous>)
    at __webpack_require__.X (C:\Users\Andrew\OneDrive\Documents\vgk-trade-roi\.next\server\webpack-runtime.js:162:22)
    at <unknown> (C:\Users\Andrew\OneDrive\Documents\vgk-trade-roi\.next\server\app\methodology\page.js:1:10739)
    at Object.<anonymous> (C:\Users\Andrew\OneDrive\Documents\vgk-trade-roi\.next\server\app\methodology\page.js:1:10780) {
  code: 'MODULE_NOT_FOUND',
  requireStack: [Array],
  page: '/methodology'
}
 ⨯ Error: Cannot find module './548.js'
Require stack:
- C:\Users\Andrew\OneDrive\Documents\vgk-trade-roi\.next\server\webpack-runtime.js
- C:\Users\Andrew\OneDrive\Documents\vgk-trade-roi\.next\server\app\dashboards\page.js
- C:\Users\Andrew\OneDrive\Documents\vgk-trade-roi\node_modules\next\dist\server\require.js
- C:\Users\Andrew\OneDrive\Documents\vgk-trade-roi\node_modules\next\dist\server\load-components.js
- C:\Users\Andrew\OneDrive\Documents\vgk-trade-roi\node_modules\next\dist\build\utils.js
- C:\Users\Andrew\OneDrive\Documents\vgk-trade-roi\node_modules\next\dist\build\swc\options.js
- C:\Users\Andrew\OneDrive\Documents\vgk-trade-roi\node_modules\next\dist\build\swc\index.js
- C:\Users\Andrew\OneDrive\Documents\vgk-trade-roi\node_modules\next\dist\build\next-config-ts\transpile-config.js
- C:\Users\Andrew\OneDrive\Documents\vgk-trade-roi\node_modules\next\dist\server\config.js
- C:\Users\Andrew\OneDrive\Documents\vgk-trade-roi\node_modules\next\dist\server\next.js
- C:\Users\Andrew\OneDrive\Documents\vgk-trade-roi\node_modules\next\dist\server\lib\start-server.js
    at __webpack_require__.f.require (C:\Users\Andrew\OneDrive\Documents\vgk-trade-roi\.next\server\webpack-runtime.js:198:28)
    at <unknown> (C:\Users\Andrew\OneDrive\Documents\vgk-trade-roi\.next\server\webpack-runtime.js:111:40)
    at Array.reduce (<anonymous>)
    at __webpack_require__.e (C:\Users\Andrew\OneDrive\Documents\vgk-trade-roi\.next\server\webpack-runtime.js:110:67)
    at Array.map (<anonymous>)
    at __webpack_require__.X (C:\Users\Andrew\OneDrive\Documents\vgk-trade-roi\.next\server\webpack-runtime.js:162:22)
    at <unknown> (C:\Users\Andrew\OneDrive\Documents\vgk-trade-roi\.next\server\pages\_document.js:1:335)
    at Object.<anonymous> (C:\Users\Andrew\OneDrive\Documents\vgk-trade-roi\.next\server\pages\_document.js:1:376) {
  code: 'MODULE_NOT_FOUND',
  requireStack: [Array]
}
 ⚠ Fast Refresh had to perform a full reload due to a runtime error.
 ⨯ [Error: ENOENT: no such file or directory, open 'C:\Users\Andrew\OneDrive\Documents\vgk-trade-roi\.next\server\app\methodology\page.js'] {
  errno: -4058,
  code: 'ENOENT',
  syscall: 'open',
  path: 'C:\\Users\\Andrew\\OneDrive\\Documents\\vgk-trade-roi\\.next\\server\\app\\methodology\\page.js',
  page: '/methodology'
}
 ⨯ [Error: ENOENT: no such file or directory, open 'C:\Users\Andrew\OneDrive\Documents\vgk-trade-roi\.next\server\app\methodology\page.js'] {
  errno: -4058,
  code: 'ENOENT',
  syscall: 'open',
  path: 'C:\\Users\\Andrew\\OneDrive\\Documents\\vgk-trade-roi\\.next\\server\\app\\methodology\\page.js',
  page: '/methodology'
}
<w> [webpack.cache.PackFileCacheStrategy] Caching failed for pack: Error: ENOENT: no such file or directory, rename 'C:\Users\Andrew\OneDrive\Documents\vgk-trade-roi\.next\cache\webpack\client-development-fallback\1.pack.gz_' -> 'C:\Users\Andrew\OneDrive\Documents\vgk-trade-roi\.next\cache\webpack\client-development-fallback\1.pack.gz'
<w> [webpack.cache.PackFileCacheStrategy] Caching failed for pack: Error: ENOENT: no such file or directory, rename 'C:\Users\Andrew\OneDrive\Documents\vgk-trade-roi\.next\cache\webpack\client-development-fallback\1.pack.gz_' -> 'C:\Users\Andrew\OneDrive\Documents\vgk-trade-roi\.next\cache\webpack\client-development-fallback\1.pack.gz'
^C